<?xml version="1.0" encoding="utf-8"?><testsuites name="pytest tests"><testsuite name="pytest" errors="0" failures="0" skipped="0" tests="203" time="1.175" timestamp="2025-12-17T04:12:25.667105-05:00" hostname="Mac"><testcase classname="src.ai_adapter.tests.test_client" name="test_generate_response_success" time="0.001" /><testcase classname="src.ai_adapter.tests.test_client" name="test_generate_response_validation_error_raises" time="0.000" /><testcase classname="src.ai_adapter.tests.test_client" name="test_generate_response_none_raises" time="0.000" /><testcase classname="src.ai_adapter.tests.test_client" name="test_register_sets_get_client" time="0.000" /><testcase classname="src.ai_adapter.tests.test_client" name="test_generate_response_with_to_dict" time="0.000" /><testcase classname="src.ai_adapter.tests.test_client" name="test_generate_response_with_additional_properties" time="0.000" /><testcase classname="src.ai_adapter.tests.test_client" name="test_generate_response_with_dict" time="0.000" /><testcase classname="src.ai_api.tests.test_ai_api" name="test_get_client_raises_when_not_registered" time="0.000" /><testcase classname="src.ai_api.tests.test_ai_api" name="test_get_client_can_be_patched" time="0.000" /><testcase classname="src.ai_service.tests.test_service" name="test_health" time="0.007" /><testcase classname="src.ai_service.tests.test_service" name="test_generate_success" time="0.002" /><testcase classname="src.ai_service.tests.test_service" name="test_generate_failure_returns_500" time="0.002" /><testcase classname="src.ai_ticket_adapter.tests.test_adapter" name="test_command_returns_response" time="0.000" /><testcase classname="src.ai_ticket_adapter.tests.test_adapter" name="test_raw_response_raises_on_none" time="0.000" /><testcase classname="src.ai_ticket_adapter.tests.test_adapter" name="test_raw_response_returns_on_success" time="0.000" /><testcase classname="src.ai_ticket_adapter.tests.test_adapter" name="test_base_url_property" time="0.000" /><testcase classname="src.ai_ticket_service.tests.test_service" name="test_command_create" time="0.002" /><testcase classname="src.ai_ticket_service.tests.test_service" name="test_command_search" time="0.001" /><testcase classname="src.ai_ticket_service.tests.test_service" name="test_command_get" time="0.002" /><testcase classname="src.ai_ticket_service.tests.test_service" name="test_command_update" time="0.001" /><testcase classname="src.ai_ticket_service.tests.test_service" name="test_command_delete" time="0.001" /><testcase classname="src.ai_ticket_service.tests.test_service" name="test_health_endpoint" time="0.001" /><testcase classname="src.ai_ticket_service.tests.test_service" name="test_backend_factory_google_tasks" time="0.000" /><testcase classname="src.ai_ticket_service.tests.test_service" name="test_backend_factory_invalid_backend" time="0.000" /><testcase classname="src.ai_ticket_service.tests.test_service" name="test_backend_status_check" time="0.000" /><testcase classname="src.ai_ticket_service.tests.test_service" name="test_status_parsing" time="0.000" /><testcase classname="src.ai_ticket_service.tests.test_service" name="test_command_with_trello_backend_not_configured" time="0.002" /><testcase classname="src.ai_ticket_service.tests.test_service" name="test_command_with_backend_error" time="0.002" /><testcase classname="src.ai_ticket_service.tests.test_service" name="test_handle_create_ticket" time="0.000" /><testcase classname="src.ai_ticket_service.tests.test_service" name="test_handle_update_ticket" time="0.000" /><testcase classname="src.ai_ticket_service.tests.test_service" name="test_handle_update_ticket_no_id" time="0.000" /><testcase classname="src.ai_ticket_service.tests.test_service" name="test_serialize_ticket" time="0.000" /><testcase classname="src.ai_ticket_service.tests.test_service" name="test_backend_factory_trello_missing_token" time="0.000" /><testcase classname="src.ai_ticket_service.tests.test_service" name="test_backend_factory_trello_missing_board_id" time="0.000" /><testcase classname="src.ai_ticket_service.tests.test_service" name="test_backend_factory_trello_success" time="0.000" /><testcase classname="src.ai_ticket_service.tests.test_service" name="test_backend_factory_trello_calls_dependencies" time="0.000" /><testcase classname="src.ai_ticket_service.tests.test_service" name="test_chat_command_endpoint_posts_messages" time="0.002" /><testcase classname="src.ai_ticket_service.tests.test_service" name="test_chat_command_fallbacks_to_markdown" time="0.001" /><testcase classname="src.ai_ticket_service.tests.test_service" name="test_format_ticket_response_none_payload" time="0.000" /><testcase classname="src.ai_ticket_service.tests.test_service" name="test_format_ticket_response_unserializable_payload" time="0.000" /><testcase classname="src.ai_ticket_service.tests.test_service" name="test_format_ticket_response_handles_ai_exception" time="0.000" /><testcase classname="src.ai_ticket_service.tests.test_tickets_api_compat" name="test_tickets_api_compat_creates_module_structure" time="0.000" /><testcase classname="src.ai_ticket_service.tests.test_tickets_api_compat" name="test_tickets_api_compat_already_exists" time="0.000" /><testcase classname="src.chat_client_api.tests.test_chat_client_api" name="test_api_exports_client" time="0.000" /><testcase classname="src.chat_client_api.tests.test_chat_client_api" name="test_api_exports_chat_message" time="0.000" /><testcase classname="src.chat_client_api.tests.test_chat_client_api" name="test_api_exports_channel" time="0.000" /><testcase classname="src.chat_client_api.tests.test_chat_client_api" name="test_api_exports_get_client" time="0.000" /><testcase classname="src.chat_client_api.tests.test_chat_client_api" name="test_api_exports_get_message" time="0.000" /><testcase classname="src.chat_client_api.tests.test_chat_client_api" name="test_api_exports_get_channel" time="0.000" /><testcase classname="src.chat_client_api.tests.test_chat_client_api" name="test_client_is_abstract" time="0.000" /><testcase classname="src.chat_client_api.tests.test_chat_client_api" name="test_chat_message_is_abstract" time="0.000" /><testcase classname="src.chat_client_api.tests.test_chat_client_api" name="test_channel_is_abstract" time="0.000" /><testcase classname="src.discord_client_impl.tests.test_discord_client.TestOAuth2Flow" name="test_get_authorization_url" time="0.011" /><testcase classname="src.discord_client_impl.tests.test_discord_client.TestOAuth2Flow" name="test_get_authorization_url_with_custom_state" time="0.007" /><testcase classname="src.discord_client_impl.tests.test_discord_client.TestOAuth2Flow" name="test_exchange_code_for_token_success" time="0.008" /><testcase classname="src.discord_client_impl.tests.test_discord_client.TestOAuth2Flow" name="test_exchange_code_for_token_failure" time="0.006" /><testcase classname="src.discord_client_impl.tests.test_discord_client.TestOAuth2Flow" name="test_refresh_access_token_success" time="0.008" /><testcase classname="src.discord_client_impl.tests.test_discord_client.TestOAuth2Flow" name="test_refresh_access_token_failure" time="0.004" /><testcase classname="src.discord_client_impl.tests.test_discord_client.TestMessageOperations" name="test_get_messages_success" time="0.005" /><testcase classname="src.discord_client_impl.tests.test_discord_client.TestMessageOperations" name="test_get_messages_empty_channel" time="0.005" /><testcase classname="src.discord_client_impl.tests.test_discord_client.TestMessageOperations" name="test_get_message_by_id_success" time="0.004" /><testcase classname="src.discord_client_impl.tests.test_discord_client.TestMessageOperations" name="test_send_message_success" time="0.004" /><testcase classname="src.discord_client_impl.tests.test_discord_client.TestMessageOperations" name="test_send_message_failure" time="0.005" /><testcase classname="src.discord_client_impl.tests.test_discord_client.TestMessageOperations" name="test_delete_message_success" time="0.004" /><testcase classname="src.discord_client_impl.tests.test_discord_client.TestMessageOperations" name="test_delete_message_not_found" time="0.005" /><testcase classname="src.discord_client_impl.tests.test_discord_client.TestChannelOperations" name="test_get_channels_success" time="0.005" /><testcase classname="src.discord_client_impl.tests.test_discord_client.TestChannelOperations" name="test_get_channel_by_id_success" time="0.004" /><testcase classname="src.discord_client_impl.tests.test_discord_client.TestChannelOperations" name="test_get_channel_not_found" time="0.004" /><testcase classname="src.discord_client_impl.tests.test_discord_client.TestErrorHandling" name="test_unauthorized_request" time="0.005" /><testcase classname="src.discord_client_impl.tests.test_discord_client.TestErrorHandling" name="test_rate_limit_handling" time="0.005" /><testcase classname="src.discord_client_impl.tests.test_discord_client.TestErrorHandling" name="test_operations_without_token" time="0.004" /><testcase classname="src.discord_client_impl.tests.test_discord_client.TestErrorHandling" name="test_get_message_http_error" time="0.005" /><testcase classname="src.discord_client_impl.tests.test_discord_client.TestErrorHandling" name="test_send_message_http_error" time="0.005" /><testcase classname="src.discord_client_impl.tests.test_discord_client.TestErrorHandling" name="test_delete_message_http_error" time="0.005" /><testcase classname="src.discord_client_impl.tests.test_discord_client.TestErrorHandling" name="test_get_channel_http_error" time="0.004" /><testcase classname="src.discord_client_impl.tests.test_discord_impl_additional" name="test_get_authorization_url_without_client_id" time="0.004" /><testcase classname="src.discord_client_impl.tests.test_discord_impl_additional" name="test_update_http_client_sets_headers" time="0.007" /><testcase classname="src.discord_client_impl.tests.test_discord_impl_additional" name="test_leave_guild_success" time="0.005" /><testcase classname="src.discord_client_impl.tests.test_discord_impl_additional" name="test_leave_guild_failure" time="0.005" /><testcase classname="src.discord_client_impl.tests.test_discord_impl_additional" name="test_get_guild_channels_success" time="0.005" /><testcase classname="src.discord_client_impl.tests.test_discord_impl_additional" name="test_get_guild_channels_failure" time="0.005" /><testcase classname="src.discord_client_impl.tests.test_discord_impl_additional" name="test_context_manager_closes_http_client" time="0.004" /><testcase classname="src.discord_client_impl.tests.test_message_impl" name="test_discord_message_basic_properties" time="0.000" /><testcase classname="src.discord_client_impl.tests.test_message_impl" name="test_discord_message_edited" time="0.000" /><testcase classname="src.discord_client_impl.tests.test_message_impl" name="test_discord_message_author_fallback" time="0.000" /><testcase classname="src.discord_client_impl.tests.test_message_impl" name="test_discord_message_missing_author" time="0.000" /><testcase classname="src.discord_client_impl.tests.test_message_impl" name="test_discord_channel_basic_properties" time="0.000" /><testcase classname="src.discord_client_impl.tests.test_message_impl" name="test_discord_channel_dm" time="0.000" /><testcase classname="src.discord_client_impl.tests.test_message_impl" name="test_discord_channel_voice" time="0.000" /><testcase classname="src.discord_client_impl.tests.test_message_impl" name="test_discord_channel_unknown_type" time="0.000" /><testcase classname="src.discord_client_impl.tests.test_message_impl" name="test_discord_channel_dm_without_recipients" time="0.000" /><testcase classname="src.discord_client_impl.tests.test_registration" name="test_registration_overrides_get_client" time="0.005" /><testcase classname="src.discord_client_impl.tests.test_registration" name="test_registration_overrides_get_message" time="0.000" /><testcase classname="src.discord_client_impl.tests.test_registration" name="test_registration_overrides_get_channel" time="0.000" /><testcase classname="src.discord_client_impl.tests.test_registration" name="test_get_client_impl_returns_discord_client" time="0.004" /><testcase classname="src.gmail_client_impl.tests.test_authentication.TestGmailClientAuthentication" name="test_init_with_provided_service_skips_auth" time="0.000" /><testcase classname="src.gmail_client_impl.tests.test_authentication.TestGmailClientAuthentication" name="test_init_with_env_vars_success" time="0.002" /><testcase classname="src.gmail_client_impl.tests.test_authentication.TestGmailClientAuthentication" name="test_init_with_custom_token_uri" time="0.002" /><testcase classname="src.gmail_client_impl.tests.test_authentication.TestGmailClientAuthentication" name="test_init_env_vars_refresh_failure" time="0.002" /><testcase classname="src.gmail_client_impl.tests.test_authentication.TestGmailClientAuthentication" name="test_init_with_token_file_success" time="0.001" /><testcase classname="src.gmail_client_impl.tests.test_authentication.TestGmailClientAuthentication" name="test_init_token_file_needs_refresh" time="0.002" /><testcase classname="src.gmail_client_impl.tests.test_authentication.TestGmailClientAuthentication" name="test_init_interactive_mode_forces_flow" time="0.001" /><testcase classname="src.gmail_client_impl.tests.test_authentication.TestGmailClientAuthentication" name="test_init_no_valid_credentials_raises_error" time="0.001" /><testcase classname="src.gmail_client_impl.tests.test_authentication.TestGmailClientAuthentication" name="test_build_service_failure" time="0.001" /><testcase classname="src.gmail_client_impl.tests.test_authentication.TestGmailClientHelperMethods" name="test_run_interactive_flow_success" time="0.001" /><testcase classname="src.gmail_client_impl.tests.test_authentication.TestGmailClientHelperMethods" name="test_run_interactive_flow_missing_credentials" time="0.001" /><testcase classname="src.gmail_client_impl.tests.test_authentication.TestGmailClientHelperMethods" name="test_run_interactive_flow_exception" time="0.001" /><testcase classname="src.gmail_client_impl.tests.test_authentication.TestGmailClientHelperMethods" name="test_save_token_success" time="0.001" /><testcase classname="src.gmail_client_impl.tests.test_authentication.TestGmailClientHelperMethods" name="test_save_token_exception" time="0.001" /><testcase classname="src.gmail_client_impl.tests.test_authentication.TestGmailClientConstants" name="test_scopes_constant" time="0.000" /><testcase classname="src.gmail_client_impl.tests.test_authentication.TestGmailClientConstants" name="test_failure_message_constant" time="0.000" /><testcase classname="src.gmail_client_impl.tests.test_core_methods.TestGmailClientCoreMethods" name="test_get_message_success" time="0.001" /><testcase classname="src.gmail_client_impl.tests.test_core_methods.TestGmailClientCoreMethods" name="test_get_message_no_raw_content" time="0.001" /><testcase classname="src.gmail_client_impl.tests.test_core_methods.TestGmailClientCoreMethods" name="test_get_message_api_exception" time="0.001" /><testcase classname="src.gmail_client_impl.tests.test_core_methods.TestGmailClientCoreMethods" name="test_delete_message_success" time="0.001" /><testcase classname="src.gmail_client_impl.tests.test_core_methods.TestGmailClientCoreMethods" name="test_delete_message_api_exception" time="0.002" /><testcase classname="src.gmail_client_impl.tests.test_core_methods.TestGmailClientCoreMethods" name="test_mark_as_read_success" time="0.001" /><testcase classname="src.gmail_client_impl.tests.test_core_methods.TestGmailClientCoreMethods" name="test_mark_as_read_api_exception" time="0.001" /><testcase classname="src.gmail_client_impl.tests.test_core_methods.TestGmailClientCoreMethods" name="test_get_messages_success" time="0.001" /><testcase classname="src.gmail_client_impl.tests.test_core_methods.TestGmailClientCoreMethods" name="test_get_messages_empty_inbox" time="0.001" /><testcase classname="src.gmail_client_impl.tests.test_core_methods.TestGmailClientCoreMethods" name="test_get_messages_no_messages_key" time="0.001" /><testcase classname="src.gmail_client_impl.tests.test_core_methods.TestGmailClientCoreMethods" name="test_get_messages_message_without_id" time="0.002" /><testcase classname="src.gmail_client_impl.tests.test_core_methods.TestGmailClientCoreMethods" name="test_get_messages_message_without_raw_content" time="0.001" /><testcase classname="src.gmail_client_impl.tests.test_core_methods.TestGmailClientCoreMethods" name="test_get_messages_default_max_results" time="0.023" /><testcase classname="src.gmail_client_impl.tests.test_gmail_message_edge_cases.TestEdgeCases" name="test_extremely_large_message_id" time="0.000" /><testcase classname="src.gmail_client_impl.tests.test_gmail_message_edge_cases.TestEdgeCases" name="test_unicode_in_message_content" time="0.000" /><testcase classname="src.gmail_client_impl.tests.test_gmail_message_edge_cases.TestEdgeCases" name="test_very_long_subject_line" time="0.000" /><testcase classname="src.gmail_client_impl.tests.test_gmail_message_edge_cases.TestEdgeCases" name="test_very_long_message_body" time="0.000" /><testcase classname="src.gmail_client_impl.tests.test_gmail_message_edge_cases.TestEdgeCases" name="test_malformed_headers" time="0.000" /><testcase classname="src.gmail_client_impl.tests.test_gmail_message_edge_cases.TestEdgeCases" name="test_binary_data_in_raw_input" time="0.000" /><testcase classname="src.gmail_client_impl.tests.test_gmail_message_edge_cases.TestEdgeCases" name="test_empty_raw_data" time="0.000" /><testcase classname="src.gmail_client_impl.tests.test_gmail_message_edge_cases.TestEdgeCases" name="test_whitespace_only_raw_data" time="0.000" /><testcase classname="src.gmail_client_impl.tests.test_gmail_message_edge_cases.TestEdgeCases" name="test_non_ascii_message_id" time="0.000" /><testcase classname="src.gmail_client_impl.tests.test_gmail_message_edge_cases.TestEdgeCases" name="test_deeply_nested_multipart_message" time="0.001" /><testcase classname="src.gmail_client_impl.tests.test_gmail_message_edge_cases.TestEdgeCases" name="test_message_with_null_bytes" time="0.000" /><testcase classname="src.gmail_client_impl.tests.test_gmail_message_edge_cases.TestEdgeCases" name="test_repeated_property_access" time="0.000" /><testcase classname="src.gmail_client_impl.tests.test_gmail_message_edge_cases.TestEdgeCases" name="test_message_with_only_headers_no_body" time="0.000" /><testcase classname="src.gmail_client_impl.tests.test_gmail_message_impl.TestGmailMessage" name="test_basic_message_creation" time="0.000" /><testcase classname="src.gmail_client_impl.tests.test_gmail_message_impl.TestGmailMessage" name="test_message_with_encoded_subject" time="0.001" /><testcase classname="src.gmail_client_impl.tests.test_gmail_message_impl.TestGmailMessage" name="test_multipart_message" time="0.002" /><testcase classname="src.gmail_client_impl.tests.test_gmail_message_impl.TestGmailMessage" name="test_date_parsing_fallback" time="0.000" /><testcase classname="src.gmail_client_impl.tests.test_gmail_message_impl.TestGmailMessage" name="test_subject_without_encoding" time="0.000" /><testcase classname="src.gmail_client_impl.tests.test_gmail_message_impl.TestGmailMessage" name="test_message_with_attachment" time="0.001" /><testcase classname="src.gmail_client_impl.tests.test_gmail_message_impl.TestGmailMessage" name="test_message_body_encoding" time="0.000" /><testcase classname="src.gmail_client_impl.tests.test_gmail_message_impl.TestGmailMessage" name="test_message_without_plain_text_body" time="0.001" /><testcase classname="src.gmail_client_impl.tests.test_registration" name="test_register_binds_factories" time="0.000" /><testcase classname="src.mail_client_api.tests.test_mail_client_api" name="test_client_get_messages" time="0.003" /><testcase classname="src.mail_client_api.tests.test_mail_client_api" name="test_client_get_message" time="0.001" /><testcase classname="src.mail_client_api.tests.test_mail_client_api" name="test_client_delete_message" time="0.000" /><testcase classname="src.mail_client_api.tests.test_mail_client_api" name="test_client_mark_as_read" time="0.000" /><testcase classname="src.mail_client_api.tests.test_message_abstraction" name="test_message_abstraction_comprehensive" time="0.000" /><testcase classname="src.mail_client_service.tests.test_client_impl" name="test_get_messages_calls_generated_client" time="0.000" /><testcase classname="src.mail_client_service.tests.test_client_impl" name="test_get_message_calls_generated_client" time="0.000" /><testcase classname="src.mail_client_service.tests.test_client_impl" name="test_delete_message_returns_true_on_ok" time="0.000" /><testcase classname="src.mail_client_service.tests.test_client_impl" name="test_delete_message_returns_false_on_fail" time="0.000" /><testcase classname="src.mail_client_service.tests.test_client_impl" name="test_mark_as_read_returns_true_on_ok" time="0.000" /><testcase classname="src.mail_client_service.tests.test_client_impl" name="test_mark_as_read_returns_false_on_fail" time="0.000" /><testcase classname="src.mail_client_service.tests.test_service" name="test_get_messages" time="0.002" /><testcase classname="src.mail_client_service.tests.test_service" name="test_get_single_message" time="0.002" /><testcase classname="src.mail_client_service.tests.test_service" name="test_delete_message" time="0.002" /><testcase classname="src.mail_client_service.tests.test_service" name="test_mark_as_read" time="0.002" /><testcase classname="src.mail_client_service.tests.test_service" name="test_get_message_not_found" time="0.002" /><testcase classname="src.mail_client_service.tests.test_service" name="test_health_check" time="0.001" /><testcase classname="src.mail_client_service.tests.test_service" name="test_get_mail_client_dependency" time="0.000" /><testcase classname="src.openai_impl.tests.test_openai_impl" name="test_register_sets_get_client" time="0.001" /><testcase classname="src.openai_impl.tests.test_openai_impl" name="test_missing_api_key_raises" time="0.000" /><testcase classname="src.openai_impl.tests.test_openai_impl" name="test_generate_response_conversational_path" time="0.001" /><testcase classname="src.openai_impl.tests.test_openai_impl" name="test_generate_response_schema_path" time="0.001" /><testcase classname="src.tickets_client_impl.tests.test_status_mapping.TestStatusMapping" name="test_open_status_plain_title" time="0.000" /><testcase classname="src.tickets_client_impl.tests.test_status_mapping.TestStatusMapping" name="test_open_status_with_spaces" time="0.000" /><testcase classname="src.tickets_client_impl.tests.test_status_mapping.TestStatusMapping" name="test_in_progress_exact_prefix" time="0.000" /><testcase classname="src.tickets_client_impl.tests.test_status_mapping.TestStatusMapping" name="test_in_progress_prefix_with_spaces" time="0.000" /><testcase classname="src.tickets_client_impl.tests.test_status_mapping.TestStatusMapping" name="test_closed_status_overrides_prefix" time="0.000" /><testcase classname="src.tickets_client_impl.tests.test_status_mapping.TestStatusMapping" name="test_closed_status_plain_title" time="0.000" /><testcase classname="src.tickets_client_impl.tests.test_status_mapping.TestStatusMapping" name="test_prefix_variations_not_matched" time="0.000" /><testcase classname="src.tickets_client_impl.tests.test_status_mapping.TestStatusMapping" name="test_empty_title_open" time="0.000" /><testcase classname="src.tickets_client_impl.tests.test_status_mapping.TestStatusMapping" name="test_empty_title_closed" time="0.000" /><testcase classname="src.tickets_client_impl.tests.test_status_mapping.TestStatusMapping" name="test_unicode_in_title_with_prefix" time="0.000" /><testcase classname="src.tickets_client_impl.tests.test_status_mapping.TestStatusMapping" name="test_very_long_title_with_prefix" time="0.000" /><testcase classname="src.tickets_client_impl.tests.test_ticket_impl.TestTicketImpl" name="test_ticket_open_status" time="0.000" /><testcase classname="src.tickets_client_impl.tests.test_ticket_impl.TestTicketImpl" name="test_ticket_in_progress_status" time="0.000" /><testcase classname="src.tickets_client_impl.tests.test_ticket_impl.TestTicketImpl" name="test_ticket_closed_status" time="0.000" /><testcase classname="src.tickets_client_impl.tests.test_ticket_impl.TestTicketImpl" name="test_ticket_closed_with_ip_prefix" time="0.000" /><testcase classname="src.tickets_client_impl.tests.test_ticket_impl.TestTicketImpl" name="test_ticket_no_description" time="0.000" /><testcase classname="src.tickets_client_impl.tests.test_ticket_impl.TestTicketImpl" name="test_ticket_empty_title" time="0.000" /><testcase classname="src.tickets_client_impl.tests.test_ticket_impl.TestTicketImpl" name="test_ticket_ip_prefix_in_middle" time="0.000" /><testcase classname="src.tickets_client_impl.tests.test_ticket_impl.TestTicketImpl" name="test_ticket_ip_prefix_case_sensitive" time="0.000" /><testcase classname="src.tickets_client_impl.tests.test_ticket_impl.TestTicketImpl" name="test_ticket_assignee_always_none" time="0.000" /><testcase classname="src.tickets_client_impl.tests.test_tickets_impl.TestTicketsClient" name="test_create_ticket_open" time="0.001" /><testcase classname="src.tickets_client_impl.tests.test_tickets_impl.TestTicketsClient" name="test_create_ticket_empty_description" time="0.000" /><testcase classname="src.tickets_client_impl.tests.test_tickets_impl.TestTicketsClient" name="test_get_ticket_success" time="0.000" /><testcase classname="src.tickets_client_impl.tests.test_tickets_impl.TestTicketsClient" name="test_get_ticket_not_found" time="0.000" /><testcase classname="src.tickets_client_impl.tests.test_tickets_impl.TestTicketsClient" name="test_search_tickets_by_query" time="0.001" /><testcase classname="src.tickets_client_impl.tests.test_tickets_impl.TestTicketsClient" name="test_search_tickets_by_status" time="0.000" /><testcase classname="src.tickets_client_impl.tests.test_tickets_impl.TestTicketsClient" name="test_search_tickets_by_query_and_status" time="0.000" /><testcase classname="src.tickets_client_impl.tests.test_tickets_impl.TestTicketsClient" name="test_search_tickets_no_filters" time="0.000" /><testcase classname="src.tickets_client_impl.tests.test_tickets_impl.TestTicketsClient" name="test_update_ticket_status" time="0.001" /><testcase classname="src.tickets_client_impl.tests.test_tickets_impl.TestTicketsClient" name="test_update_ticket_title" time="0.001" /><testcase classname="src.tickets_client_impl.tests.test_tickets_impl.TestTicketsClient" name="test_update_ticket_not_found" time="0.001" /><testcase classname="src.tickets_client_impl.tests.test_tickets_impl.TestTicketsClient" name="test_delete_ticket_success" time="0.000" /><testcase classname="src.tickets_client_impl.tests.test_tickets_impl.TestTicketsClient" name="test_delete_ticket_failure" time="0.000" /><testcase classname="src.tickets_client_impl.tests.test_tickets_impl.TestTicketsClient" name="test_default_tasklist_caching" time="0.000" /><testcase classname="src.tickets_client_impl.tests.test_tickets_impl.TestTicketsClient" name="test_default_tasklist_not_available" time="0.000" /></testsuite></testsuites>