<?xml version="1.0" encoding="utf-8"?><testsuites name="pytest tests"><testsuite name="pytest" errors="0" failures="0" skipped="0" tests="69" time="0.988" timestamp="2025-12-16T11:47:12.432726-05:00" hostname="Mac"><testcase classname="src.ai_adapter.tests.test_client" name="test_generate_response_success" time="0.001" /><testcase classname="src.ai_adapter.tests.test_client" name="test_generate_response_validation_error_raises" time="0.001" /><testcase classname="src.ai_adapter.tests.test_client" name="test_generate_response_none_raises" time="0.000" /><testcase classname="src.ai_adapter.tests.test_client" name="test_register_sets_get_client" time="0.000" /><testcase classname="src.ai_api.tests.test_ai_api" name="test_get_client_raises_when_not_registered" time="0.000" /><testcase classname="src.ai_api.tests.test_ai_api" name="test_get_client_can_be_patched" time="0.000" /><testcase classname="src.ai_service.tests.test_service" name="test_health" time="0.008" /><testcase classname="src.ai_service.tests.test_service" name="test_generate_success" time="0.002" /><testcase classname="src.ai_service.tests.test_service" name="test_generate_failure_returns_500" time="0.002" /><testcase classname="src.ai_ticket_adapter.tests.test_adapter" name="test_command_returns_response" time="0.000" /><testcase classname="src.ai_ticket_adapter.tests.test_adapter" name="test_raw_response_raises_on_none" time="0.000" /><testcase classname="src.ai_ticket_service.tests.test_service" name="test_command_create" time="0.002" /><testcase classname="src.ai_ticket_service.tests.test_service" name="test_command_search" time="0.001" /><testcase classname="src.ai_ticket_service.tests.test_service" name="test_command_get" time="0.002" /><testcase classname="src.ai_ticket_service.tests.test_service" name="test_command_update" time="0.001" /><testcase classname="src.ai_ticket_service.tests.test_service" name="test_command_delete" time="0.002" /><testcase classname="src.ai_ticket_service.tests.test_service" name="test_health_endpoint" time="0.001" /><testcase classname="src.ai_ticket_service.tests.test_service" name="test_backend_factory_google_tasks" time="0.000" /><testcase classname="src.ai_ticket_service.tests.test_service" name="test_backend_factory_invalid_backend" time="0.000" /><testcase classname="src.ai_ticket_service.tests.test_service" name="test_backend_status_check" time="0.000" /><testcase classname="src.ai_ticket_service.tests.test_service" name="test_status_parsing" time="0.000" /><testcase classname="src.ai_ticket_service.tests.test_service" name="test_command_with_trello_backend_not_configured" time="0.002" /><testcase classname="src.ai_ticket_service.tests.test_service" name="test_command_with_backend_error" time="0.002" /><testcase classname="src.ai_ticket_service.tests.test_service" name="test_handle_create_ticket" time="0.000" /><testcase classname="src.ai_ticket_service.tests.test_service" name="test_handle_update_ticket" time="0.000" /><testcase classname="src.ai_ticket_service.tests.test_service" name="test_handle_update_ticket_no_id" time="0.000" /><testcase classname="src.ai_ticket_service.tests.test_service" name="test_serialize_ticket" time="0.000" /><testcase classname="src.ai_ticket_service.tests.test_service" name="test_backend_factory_trello_missing_token" time="0.000" /><testcase classname="src.ai_ticket_service.tests.test_service" name="test_backend_factory_trello_missing_board_id" time="0.000" /><testcase classname="src.ai_ticket_service.tests.test_service" name="test_backend_factory_trello_success" time="0.000" /><testcase classname="src.openai_impl.tests.test_openai_impl" name="test_register_sets_get_client" time="0.001" /><testcase classname="src.openai_impl.tests.test_openai_impl" name="test_missing_api_key_raises" time="0.000" /><testcase classname="src.openai_impl.tests.test_openai_impl" name="test_generate_response_conversational_path" time="0.002" /><testcase classname="src.openai_impl.tests.test_openai_impl" name="test_generate_response_schema_path" time="0.001" /><testcase classname="src.tickets_client_impl.tests.test_status_mapping.TestStatusMapping" name="test_open_status_plain_title" time="0.000" /><testcase classname="src.tickets_client_impl.tests.test_status_mapping.TestStatusMapping" name="test_open_status_with_spaces" time="0.000" /><testcase classname="src.tickets_client_impl.tests.test_status_mapping.TestStatusMapping" name="test_in_progress_exact_prefix" time="0.000" /><testcase classname="src.tickets_client_impl.tests.test_status_mapping.TestStatusMapping" name="test_in_progress_prefix_with_spaces" time="0.000" /><testcase classname="src.tickets_client_impl.tests.test_status_mapping.TestStatusMapping" name="test_closed_status_overrides_prefix" time="0.000" /><testcase classname="src.tickets_client_impl.tests.test_status_mapping.TestStatusMapping" name="test_closed_status_plain_title" time="0.000" /><testcase classname="src.tickets_client_impl.tests.test_status_mapping.TestStatusMapping" name="test_prefix_variations_not_matched" time="0.000" /><testcase classname="src.tickets_client_impl.tests.test_status_mapping.TestStatusMapping" name="test_empty_title_open" time="0.000" /><testcase classname="src.tickets_client_impl.tests.test_status_mapping.TestStatusMapping" name="test_empty_title_closed" time="0.000" /><testcase classname="src.tickets_client_impl.tests.test_status_mapping.TestStatusMapping" name="test_unicode_in_title_with_prefix" time="0.000" /><testcase classname="src.tickets_client_impl.tests.test_status_mapping.TestStatusMapping" name="test_very_long_title_with_prefix" time="0.000" /><testcase classname="src.tickets_client_impl.tests.test_ticket_impl.TestTicketImpl" name="test_ticket_open_status" time="0.000" /><testcase classname="src.tickets_client_impl.tests.test_ticket_impl.TestTicketImpl" name="test_ticket_in_progress_status" time="0.000" /><testcase classname="src.tickets_client_impl.tests.test_ticket_impl.TestTicketImpl" name="test_ticket_closed_status" time="0.000" /><testcase classname="src.tickets_client_impl.tests.test_ticket_impl.TestTicketImpl" name="test_ticket_closed_with_ip_prefix" time="0.000" /><testcase classname="src.tickets_client_impl.tests.test_ticket_impl.TestTicketImpl" name="test_ticket_no_description" time="0.000" /><testcase classname="src.tickets_client_impl.tests.test_ticket_impl.TestTicketImpl" name="test_ticket_empty_title" time="0.000" /><testcase classname="src.tickets_client_impl.tests.test_ticket_impl.TestTicketImpl" name="test_ticket_ip_prefix_in_middle" time="0.000" /><testcase classname="src.tickets_client_impl.tests.test_ticket_impl.TestTicketImpl" name="test_ticket_ip_prefix_case_sensitive" time="0.000" /><testcase classname="src.tickets_client_impl.tests.test_ticket_impl.TestTicketImpl" name="test_ticket_assignee_always_none" time="0.000" /><testcase classname="src.tickets_client_impl.tests.test_tickets_impl.TestTicketsClient" name="test_create_ticket_open" time="0.001" /><testcase classname="src.tickets_client_impl.tests.test_tickets_impl.TestTicketsClient" name="test_create_ticket_empty_description" time="0.001" /><testcase classname="src.tickets_client_impl.tests.test_tickets_impl.TestTicketsClient" name="test_get_ticket_success" time="0.001" /><testcase classname="src.tickets_client_impl.tests.test_tickets_impl.TestTicketsClient" name="test_get_ticket_not_found" time="0.001" /><testcase classname="src.tickets_client_impl.tests.test_tickets_impl.TestTicketsClient" name="test_search_tickets_by_query" time="0.000" /><testcase classname="src.tickets_client_impl.tests.test_tickets_impl.TestTicketsClient" name="test_search_tickets_by_status" time="0.000" /><testcase classname="src.tickets_client_impl.tests.test_tickets_impl.TestTicketsClient" name="test_search_tickets_by_query_and_status" time="0.000" /><testcase classname="src.tickets_client_impl.tests.test_tickets_impl.TestTicketsClient" name="test_search_tickets_no_filters" time="0.000" /><testcase classname="src.tickets_client_impl.tests.test_tickets_impl.TestTicketsClient" name="test_update_ticket_status" time="0.001" /><testcase classname="src.tickets_client_impl.tests.test_tickets_impl.TestTicketsClient" name="test_update_ticket_title" time="0.001" /><testcase classname="src.tickets_client_impl.tests.test_tickets_impl.TestTicketsClient" name="test_update_ticket_not_found" time="0.001" /><testcase classname="src.tickets_client_impl.tests.test_tickets_impl.TestTicketsClient" name="test_delete_ticket_success" time="0.000" /><testcase classname="src.tickets_client_impl.tests.test_tickets_impl.TestTicketsClient" name="test_delete_ticket_failure" time="0.000" /><testcase classname="src.tickets_client_impl.tests.test_tickets_impl.TestTicketsClient" name="test_default_tasklist_caching" time="0.000" /><testcase classname="src.tickets_client_impl.tests.test_tickets_impl.TestTicketsClient" name="test_default_tasklist_not_available" time="0.000" /></testsuite></testsuites>